# JRE version: OpenJDK Runtime Environment (8.0_121-b13) (build 1.8.0_121-8u121-b13-0ubuntu1.16.04.2-b13)
# Java VM: OpenJDK 64-Bit Server VM (25.121-b13 mixed mode linux-amd64 compressed oops)
Heap:
 PSYoungGen      total 122368K, used 13365K [0x00000000f8000000, 0x0000000100000000, 0x0000000100000000)
  eden space 113664K, 11% used [0x00000000f8000000,0x00000000f8d0d660,0x00000000fef00000)
  from space 8704K, 0% used [0x00000000ff780000,0x00000000ff780000,0x0000000100000000)
  to   space 8704K, 0% used [0x00000000fef00000,0x00000000fef00000,0x00000000ff780000)
 ParOldGen       total 43008K, used 21030K [0x00000000e8000000, 0x00000000eaa00000, 0x00000000f8000000)
  object space 43008K, 48% used [0x00000000e8000000,0x00000000e94899c0,0x00000000eaa00000)
 Metaspace       used 21519K, capacity 23770K, committed 23808K, reserved 1071104K
  class space    used 2140K, capacity 2795K, committed 2816K, reserved 1048576K
GC Heap History (10 events):
Event: 1,866 GC heap before
{Heap before GC invocations=7 (full 0):
 PSYoungGen      total 89600K, used 85494K [0x00000000f8000000, 0x00000000fe000000, 0x0000000100000000)
  eden space 81920K, 100% used [0x00000000f8000000,0x00000000fd000000,0x00000000fd000000)
  from space 7680K, 46% used [0x00000000fd880000,0x00000000fdbfd808,0x00000000fe000000)
  to   space 8192K, 0% used [0x00000000fd000000,0x00000000fd000000,0x00000000fd800000)
 ParOldGen       total 27648K, used 14534K [0x00000000e8000000, 0x00000000e9b00000, 0x00000000f8000000)
  object space 27648K, 52% used [0x00000000e8000000,0x00000000e8e31b48,0x00000000e9b00000)
 Metaspace       used 16488K, capacity 18156K, committed 18432K, reserved 1064960K
  class space    used 1705K, capacity 2199K, committed 2304K, reserved 1048576K
Event: 1,878 GC heap after
Heap after GC invocations=7 (full 0):
 PSYoungGen      total 90112K, used 5877K [0x00000000f8000000, 0x0000000100000000, 0x0000000100000000)
  eden space 81920K, 0% used [0x00000000f8000000,0x00000000f8000000,0x00000000fd000000)
  from space 8192K, 71% used [0x00000000fd000000,0x00000000fd5bd510,0x00000000fd800000)
  to   space 8704K, 0% used [0x00000000ff780000,0x00000000ff780000,0x0000000100000000)
 ParOldGen       total 27648K, used 14734K [0x00000000e8000000, 0x00000000e9b00000, 0x00000000f8000000)
  object space 27648K, 53% used [0x00000000e8000000,0x00000000e8e63848,0x00000000e9b00000)
 Metaspace       used 16488K, capacity 18156K, committed 18432K, reserved 1064960K
  class space    used 1705K, capacity 2199K, committed 2304K, reserved 1048576K
}
Event: 2,073 GC heap before
{Heap before GC invocations=8 (full 0):
 PSYoungGen      total 90112K, used 87797K [0x00000000f8000000, 0x0000000100000000, 0x0000000100000000)
  eden space 81920K, 100% used [0x00000000f8000000,0x00000000fd000000,0x00000000fd000000)
  from space 8192K, 71% used [0x00000000fd000000,0x00000000fd5bd510,0x00000000fd800000)
  to   space 8704K, 0% used [0x00000000ff780000,0x00000000ff780000,0x0000000100000000)
 ParOldGen       total 27648K, used 14734K [0x00000000e8000000, 0x00000000e9b00000, 0x00000000f8000000)
  object space 27648K, 53% used [0x00000000e8000000,0x00000000e8e63848,0x00000000e9b00000)
 Metaspace       used 16658K, capacity 18296K, committed 18432K, reserved 1064960K
  class space    used 1710K, capacity 2201K, committed 2304K, reserved 1048576K
Event: 2,080 GC heap after
Heap after GC invocations=8 (full 0):
 PSYoungGen      total 122368K, used 4688K [0x00000000f8000000, 0x00000000fff80000, 0x0000000100000000)
  eden space 114176K, 0% used [0x00000000f8000000,0x00000000f8000000,0x00000000fef80000)
  from space 8192K, 57% used [0x00000000ff780000,0x00000000ffc14010,0x00000000fff80000)
  to   space 8192K, 0% used [0x00000000fef80000,0x00000000fef80000,0x00000000ff780000)
 ParOldGen       total 27648K, used 15317K [0x00000000e8000000, 0x00000000e9b00000, 0x00000000f8000000)
  object space 27648K, 55% used [0x00000000e8000000,0x00000000e8ef57c0,0x00000000e9b00000)
 Metaspace       used 16658K, capacity 18296K, committed 18432K, reserved 1064960K
  class space    used 1710K, capacity 2201K, committed 2304K, reserved 1048576K
}
Event: 2,371 GC heap before
{Heap before GC invocations=9 (full 0):
 PSYoungGen      total 122368K, used 118864K [0x00000000f8000000, 0x00000000fff80000, 0x0000000100000000)
  eden space 114176K, 100% used [0x00000000f8000000,0x00000000fef80000,0x00000000fef80000)
  from space 8192K, 57% used [0x00000000ff780000,0x00000000ffc14010,0x00000000fff80000)
  to   space 8192K, 0% used [0x00000000fef80000,0x00000000fef80000,0x00000000ff780000)
 ParOldGen       total 27648K, used 15317K [0x00000000e8000000, 0x00000000e9b00000, 0x00000000f8000000)
  object space 27648K, 55% used [0x00000000e8000000,0x00000000e8ef57c0,0x00000000e9b00000)
 Metaspace       used 16994K, capacity 18618K, committed 18944K, reserved 1067008K
  class space    used 1721K, capacity 2203K, committed 2304K, reserved 1048576K
Event: 2,382 GC heap after
Heap after GC invocations=9 (full 0):
 PSYoungGen      total 122368K, used 6947K [0x00000000f8000000, 0x0000000100000000, 0x0000000100000000)
  eden space 114176K, 0% used [0x00000000f8000000,0x00000000f8000000,0x00000000fef80000)
  from space 8192K, 84% used [0x00000000fef80000,0x00000000ff648da8,0x00000000ff780000)
  to   space 8704K, 0% used [0x00000000ff780000,0x00000000ff780000,0x0000000100000000)
 ParOldGen       total 27648K, used 16939K [0x00000000e8000000, 0x00000000e9b00000, 0x00000000f8000000)
  object space 27648K, 61% used [0x00000000e8000000,0x00000000e908aee0,0x00000000e9b00000)
 Metaspace       used 16994K, capacity 18618K, committed 18944K, reserved 1067008K
  class space    used 1721K, capacity 2203K, committed 2304K, reserved 1048576K
}
Event: 2,606 GC heap before
{Heap before GC invocations=10 (full 0):
 PSYoungGen      total 122368K, used 31047K [0x00000000f8000000, 0x0000000100000000, 0x0000000100000000)
  eden space 114176K, 21% used [0x00000000f8000000,0x00000000f9789230,0x00000000fef80000)
  from space 8192K, 84% used [0x00000000fef80000,0x00000000ff648da8,0x00000000ff780000)
  to   space 8704K, 0% used [0x00000000ff780000,0x00000000ff780000,0x0000000100000000)
 ParOldGen       total 27648K, used 16939K [0x00000000e8000000, 0x00000000e9b00000, 0x00000000f8000000)
  object space 27648K, 61% used [0x00000000e8000000,0x00000000e908aee0,0x00000000e9b00000)
 Metaspace       used 18883K, capacity 21090K, committed 21296K, reserved 1069056K
  class space    used 1925K, capacity 2563K, committed 2688K, reserved 1048576K
Event: 2,611 GC heap after
Heap after GC invocations=10 (full 0):
 PSYoungGen      total 122368K, used 6016K [0x00000000f8000000, 0x0000000100000000, 0x0000000100000000)
  eden space 113664K, 0% used [0x00000000f8000000,0x00000000f8000000,0x00000000fef00000)
  from space 8704K, 69% used [0x00000000ff780000,0x00000000ffd601a8,0x0000000100000000)
  to   space 8704K, 0% used [0x00000000fef00000,0x00000000fef00000,0x00000000ff780000)
 ParOldGen       total 27648K, used 18589K [0x00000000e8000000, 0x00000000e9b00000, 0x00000000f8000000)
  object space 27648K, 67% used [0x00000000e8000000,0x00000000e92276c0,0x00000000e9b00000)
 Metaspace       used 18883K, capacity 21090K, committed 21296K, reserved 1069056K
  class space    used 1925K, capacity 2563K, committed 2688K, reserved 1048576K
}
Event: 2,611 GC heap before
{Heap before GC invocations=11 (full 1):
 PSYoungGen      total 122368K, used 6016K [0x00000000f8000000, 0x0000000100000000, 0x0000000100000000)
  eden space 113664K, 0% used [0x00000000f8000000,0x00000000f8000000,0x00000000fef00000)
  from space 8704K, 69% used [0x00000000ff780000,0x00000000ffd601a8,0x0000000100000000)
  to   space 8704K, 0% used [0x00000000fef00000,0x00000000fef00000,0x00000000ff780000)
 ParOldGen       total 27648K, used 18589K [0x00000000e8000000, 0x00000000e9b00000, 0x00000000f8000000)
  object space 27648K, 67% used [0x00000000e8000000,0x00000000e92276c0,0x00000000e9b00000)
 Metaspace       used 18883K, capacity 21090K, committed 21296K, reserved 1069056K
  class space    used 1925K, capacity 2563K, committed 2688K, reserved 1048576K
Event: 2,686 GC heap after
Heap after GC invocations=11 (full 1):
 PSYoungGen      total 122368K, used 0K [0x00000000f8000000, 0x0000000100000000, 0x0000000100000000)
  eden space 113664K, 0% used [0x00000000f8000000,0x00000000f8000000,0x00000000fef00000)
  from space 8704K, 0% used [0x00000000ff780000,0x00000000ff780000,0x0000000100000000)
  to   space 8704K, 0% used [0x00000000fef00000,0x00000000fef00000,0x00000000ff780000)
 ParOldGen       total 43008K, used 21030K [0x00000000e8000000, 0x00000000eaa00000, 0x00000000f8000000)
  object space 43008K, 48% used [0x00000000e8000000,0x00000000e94899c0,0x00000000eaa00000)
 Metaspace       used 18883K, capacity 21090K, committed 21296K, reserved 1069056K
  class space    used 1925K, capacity 2563K, committed 2688K, reserved 1048576K
}

